<?xml version="1.0" encoding="UTF-8"?>
<!-- Generated by org.testng.reporters.JUnitReportReporter -->
<testsuite hostname="L-IT-0198" failures="0" tests="1" name="FrameworkBuild.Tests.ErrorValidations" time="9.257" errors="0" timestamp="2025-08-27T16:36:21 IST" skipped="0">
  <testcase classname="FrameworkBuild.Tests.ErrorValidations" name="LoginErrorValidations" time="9.257"/>
</testsuite> <!-- FrameworkBuild.Tests.ErrorValidations -->
