<?xml version="1.0" encoding="UTF-8"?>
<!-- Generated by org.testng.reporters.JUnitReportReporter -->
<testsuite hostname="L-IT-0198" failures="0" tests="2" name="FrameworkBuild.Tests.StandAlone" time="13.686" errors="0" timestamp="2025-08-27T16:27:00 IST" skipped="0">
  <testcase classname="FrameworkBuild.Tests.StandAlone" name="SubmitOrder" time="6.899"/>
  <testcase classname="FrameworkBuild.Tests.StandAlone" name="SubmitOrder" time="6.787"/>
</testsuite> <!-- FrameworkBuild.Tests.StandAlone -->
