<?xml version="1.0" encoding="UTF-8"?>
<!-- Generated by org.testng.reporters.JUnitReportReporter -->
<testsuite hostname="L-IT-0198" failures="0" tests="1" name="Cucumber.TestNGTestRunner" time="7.824" errors="0" timestamp="2025-08-27T19:00:09 IST" skipped="0">
  <testcase classname="Cucumber.TestNGTestRunner" name="runScenario" time="7.824"/>
</testsuite> <!-- Cucumber.TestNGTestRunner -->
