<?xml version="1.0" encoding="UTF-8"?>
<!-- Generated by org.testng.reporters.JUnitReportReporter -->
<testsuite hostname="L-IT-0198" failures="0" tests="3" name="FrameworkBuild.Tests.StandAlone" time="25.440" errors="0" timestamp="2025-08-29T18:28:15 IST" skipped="0">
  <testcase classname="FrameworkBuild.Tests.StandAlone" name="OrderHistoryTest" time="5.356"/>
  <testcase classname="FrameworkBuild.Tests.StandAlone" name="SubmitOrder" time="9.163"/>
  <testcase classname="FrameworkBuild.Tests.StandAlone" name="SubmitOrder" time="10.921"/>
</testsuite> <!-- FrameworkBuild.Tests.StandAlone -->
